2025-10-18T20:47:34: [2025-10-18T17:47:34.817Z] [INFO] Starting lab reports processor (continuous mode)...
2025-10-18T20:47:34: [2025-10-18T17:47:34.820Z] [WARN] Another instance is running (PID: 17728, started: 2025-10-18T17:43:55.322Z)
2025-10-18T20:47:34: [2025-10-18T17:47:34.820Z] [WARN] Another instance is already running. Exiting.
2025-10-18T20:47:40: [2025-10-18T17:47:40.061Z] [INFO] Starting lab reports processor (continuous mode)...
2025-10-18T20:47:40: [2025-10-18T17:47:40.063Z] [WARN] Another instance is running (PID: 17728, started: 2025-10-18T17:43:55.322Z)
2025-10-18T20:47:40: [2025-10-18T17:47:40.063Z] [WARN] Another instance is already running. Exiting.
2025-10-18T20:47:45: [2025-10-18T17:47:45.391Z] [INFO] Starting lab reports processor (continuous mode)...
2025-10-18T20:47:45: [2025-10-18T17:47:45.393Z] [WARN] Another instance is running (PID: 17728, started: 2025-10-18T17:43:55.322Z)
2025-10-18T20:47:45: [2025-10-18T17:47:45.394Z] [WARN] Another instance is already running. Exiting.
2025-10-18T20:47:50: [2025-10-18T17:47:50.720Z] [INFO] Starting lab reports processor (continuous mode)...
2025-10-18T20:47:50: [2025-10-18T17:47:50.723Z] [WARN] Another instance is running (PID: 17728, started: 2025-10-18T17:43:55.322Z)
2025-10-18T20:47:50: [2025-10-18T17:47:50.724Z] [WARN] Another instance is already running. Exiting.
2025-10-18T20:47:56: [2025-10-18T17:47:56.057Z] [INFO] Starting lab reports processor (continuous mode)...
2025-10-18T20:47:56: [2025-10-18T17:47:56.060Z] [WARN] Another instance is running (PID: 17728, started: 2025-10-18T17:43:55.322Z)
2025-10-18T20:47:56: [2025-10-18T17:47:56.060Z] [WARN] Another instance is already running. Exiting.
2025-10-18T20:49:34: [2025-10-18T17:49:34.793Z] [INFO] Starting lab reports processor (continuous mode)...
2025-10-18T20:49:34: [2025-10-18T17:49:34.800Z] [INFO] Process lock acquired (PID: 1968)
2025-10-18T20:49:34: [2025-10-18T17:49:34.824Z] [INFO] Oracle Instant Client initialized in Thick mode
2025-10-18T20:49:34: [2025-10-18T17:49:34.876Z] [INFO] Database connection pool created successfully
2025-10-18T20:49:34: [2025-10-18T17:49:34.878Z] [INFO] Starting batch processing...
2025-10-18T20:49:34: [2025-10-18T17:49:34.924Z] [INFO] Found 0 unprocessed registrations: 
2025-10-18T20:49:34: [2025-10-18T17:49:34.926Z] [INFO] No unprocessed registrations found in this batch
2025-10-18T20:49:34: [2025-10-18T17:49:34.931Z] [INFO] No records to process. Waiting 2 minutes before next check...
